number,value,datetime_start,datetime_complete,duration,params_PBMultDT1,params_PremiumDT1,params_SLPctDT1,user_attrs_max_dd_pct,user_attrs_num_trades,user_attrs_profit_factor,user_attrs_sharpe,user_attrs_total_return,user_attrs_win_rate,state
0,0.5428315696054328,2026-03-05 18:04:30.321981,2026-03-05 18:05:32.434112,0 days 00:01:02.112131,4.0,30,20,16.986124328278,392.0,1.38740425531915,0.071767107174702,51210.0,0.145408163265306,COMPLETE
1,0.5126534686421288,2026-03-05 18:05:32.434533,2026-03-05 18:06:35.512626,0 days 00:01:03.078093,3.0,30,20,16.9890792312271,399.0,1.33778186838472,0.0749154354910296,44040.0,0.155388471177945,COMPLETE
2,0.5768812128123172,2026-03-05 18:06:35.513209,2026-03-05 18:07:38.112485,0 days 00:01:02.599276,4.0,22,20,15.7499889664053,394.0,1.47301796604582,0.0915033964238961,53808.75,0.142131979695431,COMPLETE
3,0.494106461156148,2026-03-05 18:07:38.112791,2026-03-05 18:08:41.647342,0 days 00:01:03.534551,2.5,18,20,12.3778210276208,406.0,1.34008329742927,0.0797690567447868,35520.0,0.155172413793103,COMPLETE
4,0.5411712643173036,2026-03-05 18:08:41.647650,2026-03-05 18:09:45.258240,0 days 00:01:03.610590,2.5,30,30,17.8882161717726,383.0,1.35266421385751,0.0858072192939354,51401.25,0.182767624020888,COMPLETE
5,0.5827569024263948,2026-03-05 18:09:45.258657,2026-03-05 18:10:47.431937,0 days 00:01:02.173280,5.0,22,20,21.528544084207198,390.0,1.49479233637649,0.0804174480882596,57720.0,0.130769230769231,COMPLETE
6,0.6298021249142283,2026-03-05 18:10:47.432263,2026-03-05 18:11:50.048023,0 days 00:01:02.615760,4.0,25,40,14.785493064483,354.0,1.49785222207213,0.0942554339107132,69105.0,0.163841807909605,COMPLETE
7,0.5008573259937236,2026-03-05 18:11:50.048332,2026-03-05 18:12:55.733877,0 days 00:01:05.685545,3.0,30,15,14.8964102140342,410.0,1.32901971505817,0.0702526079903095,40616.25,0.146341463414634,COMPLETE
8,0.5746230771449969,2026-03-05 18:12:55.734174,2026-03-05 18:13:58.070649,0 days 00:01:02.336475,5.0,18,15,16.3198134707427,401.0,1.51284046692607,0.081715118076314,51896.25,0.122194513715711,COMPLETE
9,0.46601872485040574,2026-03-05 18:13:58.071022,2026-03-05 18:15:00.721589,0 days 00:01:02.650567,5.0,18,30,20.0484960572164,366.0,1.29383168129301,0.0564647116225502,34905.0,0.133879781420765,COMPLETE
10,0.6298021249142283,2026-03-05 18:15:00.721898,2026-03-05 18:16:01.655836,0 days 00:01:00.933938,4.0,25,40,14.785493064483,354.0,1.49785222207213,0.0942554339107132,69105.0,0.163841807909605,COMPLETE
11,0.6298021249142283,2026-03-05 18:16:01.656152,2026-03-05 18:17:03.477637,0 days 00:01:01.821485,4.0,25,40,14.785493064483,354.0,1.49785222207213,0.0942554339107132,69105.0,0.163841807909605,COMPLETE
12,0.6298021249142283,2026-03-05 18:17:03.477966,2026-03-05 18:18:05.952826,0 days 00:01:02.474860,4.0,25,40,14.785493064483,354.0,1.49785222207213,0.0942554339107132,69105.0,0.163841807909605,COMPLETE
13,0.6298021249142283,2026-03-05 18:18:05.953165,2026-03-05 18:19:07.510780,0 days 00:01:01.557615,4.0,25,40,14.785493064483,354.0,1.49785222207213,0.0942554339107132,69105.0,0.163841807909605,COMPLETE
14,0.6298021249142283,2026-03-05 18:19:07.511147,2026-03-05 18:20:09.643451,0 days 00:01:02.132304,4.0,25,40,14.785493064483,354.0,1.49785222207213,0.0942554339107132,69105.0,0.163841807909605,COMPLETE
15,0.6298021249142283,2026-03-05 18:20:09.643765,2026-03-05 18:21:11.364169,0 days 00:01:01.720404,4.0,25,40,14.785493064483,354.0,1.49785222207213,0.0942554339107132,69105.0,0.163841807909605,COMPLETE
16,0.6298021249142283,2026-03-05 18:21:11.364488,2026-03-05 18:22:13.823885,0 days 00:01:02.459397,4.0,25,40,14.785493064483,354.0,1.49785222207213,0.0942554339107132,69105.0,0.163841807909605,COMPLETE
17,0.5832566774649598,2026-03-05 18:22:13.824278,2026-03-05 18:23:16.819126,0 days 00:01:02.994848,2.5,25,40,13.851789466757799,370.0,1.42492735806884,0.102554363294874,57033.75,0.194594594594595,COMPLETE
18,0.6670847156909819,2026-03-05 18:23:16.819433,2026-03-05 18:24:19.372450,0 days 00:01:02.553017,3.0,25,40,13.909177682502499,361.0,1.55826535475009,0.113242681058666,74681.25,0.185595567867036,COMPLETE
19,0.5487710580436495,2026-03-05 18:24:19.372848,2026-03-05 18:25:23.120264,0 days 00:01:03.747416,3.0,22,15,12.8334778152345,414.0,1.42698661102417,0.095199284135125,46042.5,0.14975845410628,COMPLETE
20,0.5921511406724412,2026-03-05 18:25:23.120583,2026-03-05 18:26:25.788729,0 days 00:01:02.668146,3.0,25,30,18.4949584720372,370.0,1.46352982333392,0.0976628361942361,59625.0,0.172972972972973,COMPLETE
21,0.6670847156909819,2026-03-05 18:26:25.789122,2026-03-05 18:27:29.091011,0 days 00:01:03.301889,3.0,25,40,13.909177682502499,361.0,1.55826535475009,0.113242681058666,74681.25,0.185595567867036,COMPLETE
22,0.6670847156909819,2026-03-05 18:27:29.091337,2026-03-05 18:28:30.820198,0 days 00:01:01.728861,3.0,25,40,13.909177682502499,361.0,1.55826535475009,0.113242681058666,74681.25,0.185595567867036,COMPLETE
23,0.6670847156909819,2026-03-05 18:28:30.820521,2026-03-05 18:29:33.765356,0 days 00:01:02.944835,3.0,25,40,13.909177682502499,361.0,1.55826535475009,0.113242681058666,74681.25,0.185595567867036,COMPLETE
24,0.6670847156909819,2026-03-05 18:29:33.765789,2026-03-05 18:30:36.463029,0 days 00:01:02.697240,3.0,25,40,13.909177682502499,361.0,1.55826535475009,0.113242681058666,74681.25,0.185595567867036,COMPLETE
25,0.6670847156909819,2026-03-05 18:30:36.463371,2026-03-05 18:31:38.812686,0 days 00:01:02.349315,3.0,25,40,13.909177682502499,361.0,1.55826535475009,0.113242681058666,74681.25,0.185595567867036,COMPLETE
26,0.6670847156909819,2026-03-05 18:31:38.813066,2026-03-05 18:32:42.378703,0 days 00:01:03.565637,3.0,25,40,13.909177682502499,361.0,1.55826535475009,0.113242681058666,74681.25,0.185595567867036,COMPLETE
27,0.6374395731712867,2026-03-05 18:32:42.379013,2026-03-05 18:33:44.044301,0 days 00:01:01.665288,3.0,22,40,13.067217698307202,366.0,1.52208201892744,0.112519717710265,67027.5,0.188524590163934,COMPLETE
28,0.5766483428790523,2026-03-05 18:33:44.044675,2026-03-05 18:34:47.278596,0 days 00:01:03.233921,3.0,18,30,14.8667088563677,378.0,1.46734093292291,0.106542162877095,51810.0,0.177248677248677,COMPLETE
29,0.5008573259937236,2026-03-05 18:34:47.278929,2026-03-05 18:35:52.606504,0 days 00:01:05.327575,3.0,30,15,14.8964102140342,410.0,1.32901971505817,0.0702526079903095,40616.25,0.146341463414634,COMPLETE
30,0.6670847156909819,2026-03-05 18:35:52.607043,2026-03-05 18:36:54.816684,0 days 00:01:02.209641,3.0,25,40,13.909177682502499,361.0,1.55826535475009,0.113242681058666,74681.25,0.185595567867036,COMPLETE
31,0.6670847156909819,2026-03-05 18:36:54.817107,2026-03-05 18:37:56.416911,0 days 00:01:01.599804,3.0,25,40,13.909177682502499,361.0,1.55826535475009,0.113242681058666,74681.25,0.185595567867036,COMPLETE
32,0.6670847156909819,2026-03-05 18:37:56.417214,2026-03-05 18:38:58.222758,0 days 00:01:01.805544,3.0,25,40,13.909177682502499,361.0,1.55826535475009,0.113242681058666,74681.25,0.185595567867036,COMPLETE
33,0.6670847156909819,2026-03-05 18:38:58.223196,2026-03-05 18:40:00.008373,0 days 00:01:01.785177,3.0,25,40,13.909177682502499,361.0,1.55826535475009,0.113242681058666,74681.25,0.185595567867036,COMPLETE
34,0.5110318279437084,2026-03-05 18:40:00.008740,2026-03-05 18:41:04.048540,0 days 00:01:04.039800,3.0,25,20,14.0790963884068,397.0,1.34771726388493,0.0802468038878229,41156.25,0.156171284634761,COMPLETE
35,0.5404366358880046,2026-03-05 18:41:04.048940,2026-03-05 18:42:07.386045,0 days 00:01:03.337105,2.5,30,40,15.780952083889698,373.0,1.33579067342435,0.0832017582175606,51926.25,0.190348525469169,COMPLETE
36,0.5483742185799343,2026-03-05 18:42:07.386399,2026-03-05 18:43:12.150091,0 days 00:01:04.763692,3.0,22,20,13.811455220960301,401.0,1.42057871307163,0.0944279529664213,46766.25,0.1571072319202,COMPLETE
37,0.5924955517780878,2026-03-05 18:43:12.150492,2026-03-05 18:44:14.559496,0 days 00:01:02.409004,5.0,25,40,18.2533584030839,350.0,1.4438617651686,0.078841392868629,63480.0,0.151428571428571,COMPLETE
38,0.5231684609371245,2026-03-05 18:44:14.559801,2026-03-05 18:45:17.965814,0 days 00:01:03.406013,3.0,18,20,12.3730073182055,402.0,1.39200405958897,0.0886797658438401,40556.25,0.151741293532338,COMPLETE
39,0.5411712643173036,2026-03-05 18:45:17.966138,2026-03-05 18:46:22.346932,0 days 00:01:04.380794,2.5,30,30,17.8882161717726,383.0,1.35266421385751,0.0858072192939354,51401.25,0.182767624020888,COMPLETE
